
ROM used:   5511/8192 (67%)
            6138/8192 (75%) including unused fragments

            1.5 Average locations per line
            4.8 Average locations per statement

RAM used:   78/368 (21%) at main() level
            217/368 (59%) worst case

Stack used: 6 worst case (6 in main + 0 for interrupts)
Stack size: 8

Lines Stmts  %   Files
----- ----- ---  -----
  882   743  65  doan1.c
  810     0   0  ..\..\..\Program Files (x86)\PICC\Devices\16F887.h
  435     0   0  ..\..\..\Program Files (x86)\PICC\Drivers\string.h
   32     0   0  ..\..\..\Program Files (x86)\PICC\Drivers\stddef.h
   28     0   0  ..\..\..\Program Files (x86)\PICC\Drivers\ctype.h
 1354   359  31  ..\..\..\Program Files (x86)\PICC\Drivers\stdlib.h
   37     0   0  ..\..\..\Program Files (x86)\PICC\Drivers\stdio.h
  121    49   4  I2C_LCD.c
----- -----
 3699  1151 Total

Page ROM  %  RAM    Vol Diff  Functions:
---- --- --- ---    --- ----  ----------
0     20   0    1             @delay_ms1
0     92   2    1             @I2C_WRITE_129
0     32   1    5    129  4.6  strlen
 Inline         2             @MUL88
0     62   1    6             @DIVS1616
0     48   1    6             @MULS1616
0     39   1    5             @DIV1616
0     25   0    2    153  2.7  LCD_Write_Nibble
0     16   0    2    104  2.6  LCD_Cmd
0     39   1    3    323  5.5  LCD_Goto
0     16   0    2    104  2.6  LCD_Out
0     58   1    1    502  2.9  LCD_Begin
0     71   1    2     82  1.8  Expander_Write
0     20   0    0             @const1004
0     20   0    0             @const1008
0     20   0    0    119  2.5  cap_nhat_shift_lcd
0    140   3    5   1304  8.8  doc_phim
0      8   0    0             @goto29989
0      8   0    0             @goto30016
0     54   1    1    250  3.2  uu_tien_toan_tu
0     34   1    1    134  2.6  phep_toan
 Inline        10   1159 10.7  tinh_luy_thua
0    399   7    5    549  8.0  tinh_toan
 Inline         5             @MUL1616
 Inline         6    390  7.2  tinh_giai_thua
0     95   2    8    338  6.4  tinh_sqrt
1   1888  34  125   9168 13.6  tinh_bieu_thuc
0    120   2    6    460  8.8  la_mu_chan
2   2042  37   53  19992 11.2  MAIN
0     13   0    1             @SPRINTF
0    128   2    9             @PRINTF_LD_1093
 Inline         0             @cinit1

Program metrics:
    Functions               18
    Statements              1151
    Comments                609
    Volume (V)              45563
    Difficulty (D)          108.2
    Effort to implement (E) 4930197
    Time to implement (T)   76 hours, 5 minutes
    Est Delivered Bugs (B)  10
    Cyclomatic Complexity   150
    Maintainability (MI)    81

 Segment     Used  Free
-----------  ----  ----
00000-00003     4  0  
00004-007FF  1577  467  
00800-00FFF  1888  160  
01000-017FF  2042  6  
01800-01FFF     0  2048  



